<?xml version="1.0" encoding="UTF-8"?>
<!-- Generated by org.testng.reporters.JUnitXMLReporter -->
<testsuite ignored="0" hostname="MacBook-Pro-cua-quynhniee.local" failures="2" tests="8" name="/Users/bbadmin/Documents/BTL/BE_JunitTest_DBCLPM/src/test/java/com/example/junit_test/modules/orders" time="0.67" errors="0" timestamp="2024-04-28T00:12:20 ICT">
  <testcase classname="com.example.junit_test.modules.orders.OrderControllerTest" name="save" time="0.003"/>
  <testcase classname="com.example.junit_test.modules.orders.OrderControllerTest" name="testListOrders" time="0.059"/>
  <testcase classname="com.example.junit_test.modules.orders.OrderControllerTest" name="testGetOrderById" time="0.001"/>
  <testcase classname="com.example.junit_test.modules.orders.OrderControllerTest" name="testCreateOrder" time="0.002"/>
  <testcase classname="com.example.junit_test.modules.orders.OrderControllerTest" name="testUpdateOrder" time="0.001"/>
  <testcase classname="com.example.junit_test.modules.orders.OrderControllerTest" name="testDeleteOrdersById" time="0.001"/>
  <testcase classname="com.example.junit_test.modules.orders.OrderRepositoryTest" name="testSaveOrder" time="0.002">
    <failure type="java.lang.NullPointerException" message="Cannot invoke &amp;quot;com.example.junit_test.modules.orders.repositories.OrderRepository.save(Object)&amp;quot; because &amp;quot;this.orderRepository&amp;quot; is null">
      <![CDATA[java.lang.NullPointerException: Cannot invoke "com.example.junit_test.modules.orders.repositories.OrderRepository.save(Object)" because "this.orderRepository" is null
at com.example.junit_test.modules.orders.OrderRepositoryTest.testSaveOrder(OrderRepositoryTest.java:24)
at java.base/jdk.internal.reflect.DirectMethodHandleAccessor.invoke(DirectMethodHandleAccessor.java:103)
at java.base/java.lang.reflect.Method.invoke(Method.java:580)
at org.testng.internal.invokers.MethodInvocationHelper.invokeMethod(MethodInvocationHelper.java:141)
at org.testng.internal.invokers.TestInvoker.invokeMethod(TestInvoker.java:686)
at org.testng.internal.invokers.TestInvoker.invokeTestMethod(TestInvoker.java:230)
at org.testng.internal.invokers.MethodRunner.runInSequence(MethodRunner.java:63)
at org.testng.internal.invokers.TestInvoker$MethodInvocationAgent.invoke(TestInvoker.java:992)
at org.testng.internal.invokers.TestInvoker.invokeTestMethods(TestInvoker.java:203)
at org.testng.internal.invokers.TestMethodWorker.invokeTestMethods(TestMethodWorker.java:154)
at org.testng.internal.invokers.TestMethodWorker.run(TestMethodWorker.java:134)
at java.base/java.util.ArrayList.forEach(ArrayList.java:1596)
at org.testng.TestRunner.privateRun(TestRunner.java:739)
at org.testng.TestRunner.run(TestRunner.java:614)
at org.testng.SuiteRunner.runTest(SuiteRunner.java:421)
at org.testng.SuiteRunner.runSequentially(SuiteRunner.java:413)
at org.testng.SuiteRunner.privateRun(SuiteRunner.java:373)
at org.testng.SuiteRunner.run(SuiteRunner.java:312)
at org.testng.SuiteRunnerWorker.runSuite(SuiteRunnerWorker.java:52)
at org.testng.SuiteRunnerWorker.run(SuiteRunnerWorker.java:95)
at org.testng.TestNG.runSuitesSequentially(TestNG.java:1274)
at org.testng.TestNG.runSuitesLocally(TestNG.java:1208)
at org.testng.TestNG.runSuites(TestNG.java:1112)
at org.testng.TestNG.run(TestNG.java:1079)
at com.intellij.rt.testng.IDEARemoteTestNG.run(IDEARemoteTestNG.java:65)
at com.intellij.rt.testng.RemoteTestNGStarter.main(RemoteTestNGStarter.java:105)
]]>
    </failure>
  </testcase> <!-- testSaveOrder -->
  <testcase classname="com.example.junit_test.modules.orders.OrderRepositoryTest" name="testFindOrderEntitiesById" time="0.0">
    <failure type="java.lang.NullPointerException" message="Cannot invoke &amp;quot;com.example.junit_test.modules.orders.repositories.OrderRepository.findOrderEntitiesById(java.lang.Integer)&amp;quot; because &amp;quot;this.orderRepository&amp;quot; is null">
      <![CDATA[java.lang.NullPointerException: Cannot invoke "com.example.junit_test.modules.orders.repositories.OrderRepository.findOrderEntitiesById(java.lang.Integer)" because "this.orderRepository" is null
at com.example.junit_test.modules.orders.OrderRepositoryTest.testFindOrderEntitiesById(OrderRepositoryTest.java:30)
at java.base/jdk.internal.reflect.DirectMethodHandleAccessor.invoke(DirectMethodHandleAccessor.java:103)
at java.base/java.lang.reflect.Method.invoke(Method.java:580)
at org.testng.internal.invokers.MethodInvocationHelper.invokeMethod(MethodInvocationHelper.java:141)
at org.testng.internal.invokers.TestInvoker.invokeMethod(TestInvoker.java:686)
at org.testng.internal.invokers.TestInvoker.invokeTestMethod(TestInvoker.java:230)
at org.testng.internal.invokers.MethodRunner.runInSequence(MethodRunner.java:63)
at org.testng.internal.invokers.TestInvoker$MethodInvocationAgent.invoke(TestInvoker.java:992)
at org.testng.internal.invokers.TestInvoker.invokeTestMethods(TestInvoker.java:203)
at org.testng.internal.invokers.TestMethodWorker.invokeTestMethods(TestMethodWorker.java:154)
at org.testng.internal.invokers.TestMethodWorker.run(TestMethodWorker.java:134)
at java.base/java.util.ArrayList.forEach(ArrayList.java:1596)
at org.testng.TestRunner.privateRun(TestRunner.java:739)
at org.testng.TestRunner.run(TestRunner.java:614)
at org.testng.SuiteRunner.runTest(SuiteRunner.java:421)
at org.testng.SuiteRunner.runSequentially(SuiteRunner.java:413)
at org.testng.SuiteRunner.privateRun(SuiteRunner.java:373)
at org.testng.SuiteRunner.run(SuiteRunner.java:312)
at org.testng.SuiteRunnerWorker.runSuite(SuiteRunnerWorker.java:52)
at org.testng.SuiteRunnerWorker.run(SuiteRunnerWorker.java:95)
at org.testng.TestNG.runSuitesSequentially(TestNG.java:1274)
at org.testng.TestNG.runSuitesLocally(TestNG.java:1208)
at org.testng.TestNG.runSuites(TestNG.java:1112)
at org.testng.TestNG.run(TestNG.java:1079)
at com.intellij.rt.testng.IDEARemoteTestNG.run(IDEARemoteTestNG.java:65)
at com.intellij.rt.testng.RemoteTestNGStarter.main(RemoteTestNGStarter.java:105)
]]>
    </failure>
  </testcase> <!-- testFindOrderEntitiesById -->
</testsuite> <!-- /Users/bbadmin/Documents/BTL/BE_JunitTest_DBCLPM/src/test/java/com/example/junit_test/modules/orders -->
